"2025-02-14 20:17:56,493 INFO  [main] com.tay.ContactMessageManagement.ContactMessageManagementApplication:Starting ContactMessageManagementApplication using Java 17.0.14 on yBug-PC with PID 20800 (C:\Users\yusBug\IdeaProjects\ContactMessageManagement\target\classes started by yusBug in C:\Users\yusBug\IdeaProjects\ContactMessageManagement)
""2025-02-14 20:17:56,513 INFO  [main] com.tay.ContactMessageManagement.ContactMessageManagementApplication:No active profile set, falling back to 1 default profile: "default"
""2025-02-14 20:17:57,633 INFO  [main] org.springframework.data.repository.config.RepositoryConfigurationDelegate:Bootstrapping Spring Data JPA repositories in DEFAULT mode.
""2025-02-14 20:17:57,720 INFO  [main] org.springframework.data.repository.config.RepositoryConfigurationDelegate:Finished Spring Data repository scanning in 70 ms. Found 1 JPA repository interfaces.
""2025-02-14 20:17:58,544 INFO  [main] org.springframework.boot.web.embedded.tomcat.TomcatWebServer:Tomcat initialized with port(s): 8099 (http)
""2025-02-14 20:17:58,557 INFO  [main] org.apache.catalina.core.StandardService:Starting service [Tomcat]
""2025-02-14 20:17:58,557 INFO  [main] org.apache.catalina.core.StandardEngine:Starting Servlet engine: [Apache Tomcat/9.0.68]
""2025-02-14 20:17:58,696 INFO  [main] org.apache.catalina.core.ContainerBase.[Tomcat].[localhost].[/]:Initializing Spring embedded WebApplicationContext
""2025-02-14 20:17:58,696 INFO  [main] org.springframework.boot.web.servlet.context.ServletWebServerApplicationContext:Root WebApplicationContext: initialization completed in 2108 ms
""2025-02-14 20:17:58,995 INFO  [main] org.hibernate.jpa.internal.util.LogHelper:HHH000204: Processing PersistenceUnitInfo [name: default]
""2025-02-14 20:17:59,092 INFO  [main] org.hibernate.Version:HHH000412: Hibernate ORM core version 5.6.12.Final
""2025-02-14 20:17:59,301 INFO  [main] org.hibernate.annotations.common.Version:HCANN000001: Hibernate Commons Annotations {5.1.2.Final}
""2025-02-14 20:17:59,449 INFO  [main] com.zaxxer.hikari.HikariDataSource:HikariPool-1 - Starting...
""2025-02-14 20:17:59,698 INFO  [main] com.zaxxer.hikari.HikariDataSource:HikariPool-1 - Start completed.
""2025-02-14 20:17:59,718 INFO  [main] org.hibernate.dialect.Dialect:HHH000400: Using dialect: org.hibernate.dialect.PostgreSQL81Dialect
""2025-02-14 20:18:00,630 INFO  [main] org.hibernate.engine.transaction.jta.platform.internal.JtaPlatformInitiator:HHH000490: Using JtaPlatform implementation: [org.hibernate.engine.transaction.jta.platform.internal.NoJtaPlatform]
""2025-02-14 20:18:00,639 INFO  [main] org.springframework.orm.jpa.LocalContainerEntityManagerFactoryBean:Initialized JPA EntityManagerFactory for persistence unit 'default'
""2025-02-14 20:18:01,871 INFO  [main] org.springframework.boot.web.embedded.tomcat.TomcatWebServer:Tomcat started on port(s): 8099 (http) with context path ''
""2025-02-14 20:18:01,891 INFO  [main] com.tay.ContactMessageManagement.ContactMessageManagementApplication:Started ContactMessageManagementApplication in 6.119 seconds (JVM running for 7.504)
""2025-02-14 20:19:16,344 INFO  [http-nio-8099-exec-2] org.apache.catalina.core.ContainerBase.[Tomcat].[localhost].[/]:Initializing Spring DispatcherServlet 'dispatcherServlet'
""2025-02-14 20:20:11,171 INFO  [SpringApplicationShutdownHook] org.springframework.orm.jpa.LocalContainerEntityManagerFactoryBean:Closing JPA EntityManagerFactory for persistence unit 'default'
""2025-02-14 20:20:11,174 INFO  [SpringApplicationShutdownHook] com.zaxxer.hikari.HikariDataSource:HikariPool-1 - Shutdown initiated...
""2025-02-14 20:20:11,180 INFO  [SpringApplicationShutdownHook] com.zaxxer.hikari.HikariDataSource:HikariPool-1 - Shutdown completed.
""2025-02-14 20:20:18,325 INFO  [main] com.tay.ContactMessageManagement.ContactMessageManagementApplication:Starting ContactMessageManagementApplication using Java 17.0.14 on yBug-PC with PID 23408 (C:\Users\yusBug\IdeaProjects\ContactMessageManagement\target\classes started by yusBug in C:\Users\yusBug\IdeaProjects\ContactMessageManagement)
""2025-02-14 20:20:18,328 INFO  [main] com.tay.ContactMessageManagement.ContactMessageManagementApplication:No active profile set, falling back to 1 default profile: "default"
""2025-02-14 20:20:19,522 INFO  [main] org.springframework.data.repository.config.RepositoryConfigurationDelegate:Bootstrapping Spring Data JPA repositories in DEFAULT mode.
""2025-02-14 20:20:19,649 INFO  [main] org.springframework.data.repository.config.RepositoryConfigurationDelegate:Finished Spring Data repository scanning in 98 ms. Found 1 JPA repository interfaces.
""2025-02-14 20:20:20,710 INFO  [main] org.springframework.boot.web.embedded.tomcat.TomcatWebServer:Tomcat initialized with port(s): 8099 (http)
""2025-02-14 20:20:20,728 INFO  [main] org.apache.catalina.core.StandardService:Starting service [Tomcat]
""2025-02-14 20:20:20,730 INFO  [main] org.apache.catalina.core.StandardEngine:Starting Servlet engine: [Apache Tomcat/9.0.68]
""2025-02-14 20:20:20,898 INFO  [main] org.apache.catalina.core.ContainerBase.[Tomcat].[localhost].[/]:Initializing Spring embedded WebApplicationContext
""2025-02-14 20:20:20,898 INFO  [main] org.springframework.boot.web.servlet.context.ServletWebServerApplicationContext:Root WebApplicationContext: initialization completed in 2492 ms
""2025-02-14 20:20:21,162 INFO  [main] org.hibernate.jpa.internal.util.LogHelper:HHH000204: Processing PersistenceUnitInfo [name: default]
""2025-02-14 20:20:21,237 INFO  [main] org.hibernate.Version:HHH000412: Hibernate ORM core version 5.6.12.Final
""2025-02-14 20:20:21,476 INFO  [main] org.hibernate.annotations.common.Version:HCANN000001: Hibernate Commons Annotations {5.1.2.Final}
""2025-02-14 20:20:21,658 INFO  [main] com.zaxxer.hikari.HikariDataSource:HikariPool-1 - Starting...
""2025-02-14 20:20:21,931 INFO  [main] com.zaxxer.hikari.HikariDataSource:HikariPool-1 - Start completed.
""2025-02-14 20:20:21,973 INFO  [main] org.hibernate.dialect.Dialect:HHH000400: Using dialect: org.hibernate.dialect.PostgreSQL81Dialect
""2025-02-14 20:20:22,995 INFO  [main] org.hibernate.engine.transaction.jta.platform.internal.JtaPlatformInitiator:HHH000490: Using JtaPlatform implementation: [org.hibernate.engine.transaction.jta.platform.internal.NoJtaPlatform]
""2025-02-14 20:20:23,005 INFO  [main] org.springframework.orm.jpa.LocalContainerEntityManagerFactoryBean:Initialized JPA EntityManagerFactory for persistence unit 'default'
""2025-02-14 20:20:24,590 INFO  [main] org.springframework.boot.web.embedded.tomcat.TomcatWebServer:Tomcat started on port(s): 8099 (http) with context path ''
""2025-02-14 20:20:24,605 INFO  [main] com.tay.ContactMessageManagement.ContactMessageManagementApplication:Started ContactMessageManagementApplication in 6.974 seconds (JVM running for 7.598)
""2025-02-14 20:20:29,902 INFO  [http-nio-8099-exec-1] org.apache.catalina.core.ContainerBase.[Tomcat].[localhost].[/]:Initializing Spring DispatcherServlet 'dispatcherServlet'
""2025-02-14 20:21:43,348 INFO  [SpringApplicationShutdownHook] org.springframework.orm.jpa.LocalContainerEntityManagerFactoryBean:Closing JPA EntityManagerFactory for persistence unit 'default'
""2025-02-14 20:21:43,351 INFO  [SpringApplicationShutdownHook] com.zaxxer.hikari.HikariDataSource:HikariPool-1 - Shutdown initiated...
""2025-02-14 20:21:43,365 INFO  [SpringApplicationShutdownHook] com.zaxxer.hikari.HikariDataSource:HikariPool-1 - Shutdown completed.
""2025-02-14 20:21:48,799 INFO  [main] com.tay.ContactMessageManagement.ContactMessageManagementApplication:Starting ContactMessageManagementApplication using Java 17.0.14 on yBug-PC with PID 15124 (C:\Users\yusBug\IdeaProjects\ContactMessageManagement\target\classes started by yusBug in C:\Users\yusBug\IdeaProjects\ContactMessageManagement)
""2025-02-14 20:21:48,804 INFO  [main] com.tay.ContactMessageManagement.ContactMessageManagementApplication:No active profile set, falling back to 1 default profile: "default"
""2025-02-14 20:21:49,989 INFO  [main] org.springframework.data.repository.config.RepositoryConfigurationDelegate:Bootstrapping Spring Data JPA repositories in DEFAULT mode.
""2025-02-14 20:21:50,100 INFO  [main] org.springframework.data.repository.config.RepositoryConfigurationDelegate:Finished Spring Data repository scanning in 92 ms. Found 1 JPA repository interfaces.
""2025-02-14 20:21:51,148 INFO  [main] org.springframework.boot.web.embedded.tomcat.TomcatWebServer:Tomcat initialized with port(s): 8099 (http)
""2025-02-14 20:21:51,162 INFO  [main] org.apache.catalina.core.StandardService:Starting service [Tomcat]
""2025-02-14 20:21:51,163 INFO  [main] org.apache.catalina.core.StandardEngine:Starting Servlet engine: [Apache Tomcat/9.0.68]
""2025-02-14 20:21:51,358 INFO  [main] org.apache.catalina.core.ContainerBase.[Tomcat].[localhost].[/]:Initializing Spring embedded WebApplicationContext
""2025-02-14 20:21:51,358 INFO  [main] org.springframework.boot.web.servlet.context.ServletWebServerApplicationContext:Root WebApplicationContext: initialization completed in 2480 ms
""2025-02-14 20:21:51,776 INFO  [main] org.hibernate.jpa.internal.util.LogHelper:HHH000204: Processing PersistenceUnitInfo [name: default]
""2025-02-14 20:21:51,882 INFO  [main] org.hibernate.Version:HHH000412: Hibernate ORM core version 5.6.12.Final
""2025-02-14 20:21:52,252 INFO  [main] org.hibernate.annotations.common.Version:HCANN000001: Hibernate Commons Annotations {5.1.2.Final}
""2025-02-14 20:21:52,457 INFO  [main] com.zaxxer.hikari.HikariDataSource:HikariPool-1 - Starting...
""2025-02-14 20:21:52,817 INFO  [main] com.zaxxer.hikari.HikariDataSource:HikariPool-1 - Start completed.
""2025-02-14 20:21:52,858 INFO  [main] org.hibernate.dialect.Dialect:HHH000400: Using dialect: org.hibernate.dialect.PostgreSQL81Dialect
""2025-02-14 20:21:53,866 INFO  [main] org.hibernate.engine.transaction.jta.platform.internal.JtaPlatformInitiator:HHH000490: Using JtaPlatform implementation: [org.hibernate.engine.transaction.jta.platform.internal.NoJtaPlatform]
""2025-02-14 20:21:53,877 INFO  [main] org.springframework.orm.jpa.LocalContainerEntityManagerFactoryBean:Initialized JPA EntityManagerFactory for persistence unit 'default'
""2025-02-14 20:21:55,127 INFO  [main] org.springframework.boot.web.embedded.tomcat.TomcatWebServer:Tomcat started on port(s): 8099 (http) with context path ''
""2025-02-14 20:21:55,145 INFO  [main] com.tay.ContactMessageManagement.ContactMessageManagementApplication:Started ContactMessageManagementApplication in 7.051 seconds (JVM running for 7.665)
""2025-02-14 20:22:02,487 INFO  [http-nio-8099-exec-1] org.apache.catalina.core.ContainerBase.[Tomcat].[localhost].[/]:Initializing Spring DispatcherServlet 'dispatcherServlet'
""2025-02-14 20:23:01,579 INFO  [SpringApplicationShutdownHook] org.springframework.orm.jpa.LocalContainerEntityManagerFactoryBean:Closing JPA EntityManagerFactory for persistence unit 'default'
""2025-02-14 20:23:01,582 INFO  [SpringApplicationShutdownHook] com.zaxxer.hikari.HikariDataSource:HikariPool-1 - Shutdown initiated...
""2025-02-14 20:23:01,590 INFO  [SpringApplicationShutdownHook] com.zaxxer.hikari.HikariDataSource:HikariPool-1 - Shutdown completed.
""2025-02-14 20:23:07,240 INFO  [main] com.tay.ContactMessageManagement.ContactMessageManagementApplication:Starting ContactMessageManagementApplication using Java 17.0.14 on yBug-PC with PID 19524 (C:\Users\yusBug\IdeaProjects\ContactMessageManagement\target\classes started by yusBug in C:\Users\yusBug\IdeaProjects\ContactMessageManagement)
""2025-02-14 20:23:07,244 INFO  [main] com.tay.ContactMessageManagement.ContactMessageManagementApplication:No active profile set, falling back to 1 default profile: "default"
""2025-02-14 20:23:08,274 INFO  [main] org.springframework.data.repository.config.RepositoryConfigurationDelegate:Bootstrapping Spring Data JPA repositories in DEFAULT mode.
""2025-02-14 20:23:08,867 INFO  [main] org.springframework.data.repository.config.RepositoryConfigurationDelegate:Finished Spring Data repository scanning in 572 ms. Found 1 JPA repository interfaces.
""2025-02-14 20:23:11,102 INFO  [main] org.springframework.boot.web.embedded.tomcat.TomcatWebServer:Tomcat initialized with port(s): 8099 (http)
""2025-02-14 20:23:11,154 INFO  [main] org.apache.catalina.core.StandardService:Starting service [Tomcat]
""2025-02-14 20:23:11,155 INFO  [main] org.apache.catalina.core.StandardEngine:Starting Servlet engine: [Apache Tomcat/9.0.68]
""2025-02-14 20:23:11,487 INFO  [main] org.apache.catalina.core.ContainerBase.[Tomcat].[localhost].[/]:Initializing Spring embedded WebApplicationContext
""2025-02-14 20:23:11,488 INFO  [main] org.springframework.boot.web.servlet.context.ServletWebServerApplicationContext:Root WebApplicationContext: initialization completed in 4171 ms
""2025-02-14 20:23:11,973 INFO  [main] org.hibernate.jpa.internal.util.LogHelper:HHH000204: Processing PersistenceUnitInfo [name: default]
""2025-02-14 20:23:12,125 INFO  [main] org.hibernate.Version:HHH000412: Hibernate ORM core version 5.6.12.Final
""2025-02-14 20:23:12,749 INFO  [main] org.hibernate.annotations.common.Version:HCANN000001: Hibernate Commons Annotations {5.1.2.Final}
""2025-02-14 20:23:13,179 INFO  [main] com.zaxxer.hikari.HikariDataSource:HikariPool-1 - Starting...
""2025-02-14 20:23:13,731 INFO  [main] com.zaxxer.hikari.HikariDataSource:HikariPool-1 - Start completed.
""2025-02-14 20:23:13,789 INFO  [main] org.hibernate.dialect.Dialect:HHH000400: Using dialect: org.hibernate.dialect.PostgreSQL81Dialect
""2025-02-14 20:23:15,570 INFO  [main] org.hibernate.engine.transaction.jta.platform.internal.JtaPlatformInitiator:HHH000490: Using JtaPlatform implementation: [org.hibernate.engine.transaction.jta.platform.internal.NoJtaPlatform]
""2025-02-14 20:23:15,597 INFO  [main] org.springframework.orm.jpa.LocalContainerEntityManagerFactoryBean:Initialized JPA EntityManagerFactory for persistence unit 'default'
""2025-02-14 20:23:17,485 INFO  [main] org.springframework.boot.web.embedded.tomcat.TomcatWebServer:Tomcat started on port(s): 8099 (http) with context path ''
""2025-02-14 20:23:17,508 INFO  [main] com.tay.ContactMessageManagement.ContactMessageManagementApplication:Started ContactMessageManagementApplication in 10.999 seconds (JVM running for 12.391)
""2025-02-14 20:23:25,554 INFO  [http-nio-8099-exec-1] org.apache.catalina.core.ContainerBase.[Tomcat].[localhost].[/]:Initializing Spring DispatcherServlet 'dispatcherServlet'
""2025-02-14 20:26:44,302 WARN  [HikariPool-1 housekeeper] com.zaxxer.hikari.pool.HikariPool:HikariPool-1 - Thread starvation or clock leap detected (housekeeper delta=2m54s82ms517µs200ns).
""2025-02-14 20:26:44,500 INFO  [SpringApplicationShutdownHook] org.springframework.orm.jpa.LocalContainerEntityManagerFactoryBean:Closing JPA EntityManagerFactory for persistence unit 'default'
""2025-02-14 20:26:44,502 INFO  [SpringApplicationShutdownHook] com.zaxxer.hikari.HikariDataSource:HikariPool-1 - Shutdown initiated...
""2025-02-14 20:26:44,509 INFO  [SpringApplicationShutdownHook] com.zaxxer.hikari.HikariDataSource:HikariPool-1 - Shutdown completed.
""2025-02-14 20:26:51,440 INFO  [main] com.tay.ContactMessageManagement.ContactMessageManagementApplication:Starting ContactMessageManagementApplication using Java 17.0.14 on yBug-PC with PID 23068 (C:\Users\yusBug\IdeaProjects\ContactMessageManagement\target\classes started by yusBug in C:\Users\yusBug\IdeaProjects\ContactMessageManagement)
""2025-02-14 20:26:51,443 INFO  [main] com.tay.ContactMessageManagement.ContactMessageManagementApplication:No active profile set, falling back to 1 default profile: "default"
""2025-02-14 20:26:52,656 INFO  [main] org.springframework.data.repository.config.RepositoryConfigurationDelegate:Bootstrapping Spring Data JPA repositories in DEFAULT mode.
""2025-02-14 20:26:52,783 INFO  [main] org.springframework.data.repository.config.RepositoryConfigurationDelegate:Finished Spring Data repository scanning in 112 ms. Found 1 JPA repository interfaces.
""2025-02-14 20:26:53,887 INFO  [main] org.springframework.boot.web.embedded.tomcat.TomcatWebServer:Tomcat initialized with port(s): 8099 (http)
""2025-02-14 20:26:53,902 INFO  [main] org.apache.catalina.core.StandardService:Starting service [Tomcat]
""2025-02-14 20:26:53,903 INFO  [main] org.apache.catalina.core.StandardEngine:Starting Servlet engine: [Apache Tomcat/9.0.68]
""2025-02-14 20:26:54,078 INFO  [main] org.apache.catalina.core.ContainerBase.[Tomcat].[localhost].[/]:Initializing Spring embedded WebApplicationContext
""2025-02-14 20:26:54,078 INFO  [main] org.springframework.boot.web.servlet.context.ServletWebServerApplicationContext:Root WebApplicationContext: initialization completed in 2561 ms
""2025-02-14 20:26:54,391 INFO  [main] org.hibernate.jpa.internal.util.LogHelper:HHH000204: Processing PersistenceUnitInfo [name: default]
""2025-02-14 20:26:54,495 INFO  [main] org.hibernate.Version:HHH000412: Hibernate ORM core version 5.6.12.Final
""2025-02-14 20:26:54,754 INFO  [main] org.hibernate.annotations.common.Version:HCANN000001: Hibernate Commons Annotations {5.1.2.Final}
""2025-02-14 20:26:54,933 INFO  [main] com.zaxxer.hikari.HikariDataSource:HikariPool-1 - Starting...
""2025-02-14 20:26:55,178 INFO  [main] com.zaxxer.hikari.HikariDataSource:HikariPool-1 - Start completed.
""2025-02-14 20:26:55,208 INFO  [main] org.hibernate.dialect.Dialect:HHH000400: Using dialect: org.hibernate.dialect.PostgreSQL81Dialect
""2025-02-14 20:26:56,008 INFO  [main] org.hibernate.engine.transaction.jta.platform.internal.JtaPlatformInitiator:HHH000490: Using JtaPlatform implementation: [org.hibernate.engine.transaction.jta.platform.internal.NoJtaPlatform]
""2025-02-14 20:26:56,015 INFO  [main] org.springframework.orm.jpa.LocalContainerEntityManagerFactoryBean:Initialized JPA EntityManagerFactory for persistence unit 'default'
""2025-02-14 20:26:57,052 INFO  [main] org.springframework.boot.web.embedded.tomcat.TomcatWebServer:Tomcat started on port(s): 8099 (http) with context path ''
""2025-02-14 20:26:57,066 INFO  [main] com.tay.ContactMessageManagement.ContactMessageManagementApplication:Started ContactMessageManagementApplication in 6.331 seconds (JVM running for 6.979)
""2025-02-14 20:27:03,794 INFO  [http-nio-8099-exec-1] org.apache.catalina.core.ContainerBase.[Tomcat].[localhost].[/]:Initializing Spring DispatcherServlet 'dispatcherServlet'
""2025-02-14 20:32:05,222 INFO  [SpringApplicationShutdownHook] org.springframework.orm.jpa.LocalContainerEntityManagerFactoryBean:Closing JPA EntityManagerFactory for persistence unit 'default'
""2025-02-14 20:32:05,225 INFO  [SpringApplicationShutdownHook] com.zaxxer.hikari.HikariDataSource:HikariPool-1 - Shutdown initiated...
""2025-02-14 20:32:05,234 INFO  [SpringApplicationShutdownHook] com.zaxxer.hikari.HikariDataSource:HikariPool-1 - Shutdown completed.
""2025-02-14 20:32:10,728 INFO  [main] com.tay.ContactMessageManagement.ContactMessageManagementApplication:Starting ContactMessageManagementApplication using Java 17.0.14 on yBug-PC with PID 16644 (C:\Users\yusBug\IdeaProjects\ContactMessageManagement\target\classes started by yusBug in C:\Users\yusBug\IdeaProjects\ContactMessageManagement)
""2025-02-14 20:32:10,732 INFO  [main] com.tay.ContactMessageManagement.ContactMessageManagementApplication:No active profile set, falling back to 1 default profile: "default"
""2025-02-14 20:32:11,916 INFO  [main] org.springframework.data.repository.config.RepositoryConfigurationDelegate:Bootstrapping Spring Data JPA repositories in DEFAULT mode.
""2025-02-14 20:32:12,032 INFO  [main] org.springframework.data.repository.config.RepositoryConfigurationDelegate:Finished Spring Data repository scanning in 89 ms. Found 1 JPA repository interfaces.
""2025-02-14 20:32:13,205 INFO  [main] org.springframework.boot.web.embedded.tomcat.TomcatWebServer:Tomcat initialized with port(s): 8099 (http)
""2025-02-14 20:32:13,228 INFO  [main] org.apache.catalina.core.StandardService:Starting service [Tomcat]
""2025-02-14 20:32:13,229 INFO  [main] org.apache.catalina.core.StandardEngine:Starting Servlet engine: [Apache Tomcat/9.0.68]
""2025-02-14 20:32:13,464 INFO  [main] org.apache.catalina.core.ContainerBase.[Tomcat].[localhost].[/]:Initializing Spring embedded WebApplicationContext
""2025-02-14 20:32:13,466 INFO  [main] org.springframework.boot.web.servlet.context.ServletWebServerApplicationContext:Root WebApplicationContext: initialization completed in 2658 ms
""2025-02-14 20:32:13,810 INFO  [main] org.hibernate.jpa.internal.util.LogHelper:HHH000204: Processing PersistenceUnitInfo [name: default]
""2025-02-14 20:32:13,913 INFO  [main] org.hibernate.Version:HHH000412: Hibernate ORM core version 5.6.12.Final
""2025-02-14 20:32:14,181 INFO  [main] org.hibernate.annotations.common.Version:HCANN000001: Hibernate Commons Annotations {5.1.2.Final}
""2025-02-14 20:32:14,402 INFO  [main] com.zaxxer.hikari.HikariDataSource:HikariPool-1 - Starting...
""2025-02-14 20:32:14,683 INFO  [main] com.zaxxer.hikari.HikariDataSource:HikariPool-1 - Start completed.
""2025-02-14 20:32:14,744 INFO  [main] org.hibernate.dialect.Dialect:HHH000400: Using dialect: org.hibernate.dialect.PostgreSQL81Dialect
""2025-02-14 20:32:15,865 INFO  [main] org.hibernate.engine.transaction.jta.platform.internal.JtaPlatformInitiator:HHH000490: Using JtaPlatform implementation: [org.hibernate.engine.transaction.jta.platform.internal.NoJtaPlatform]
""2025-02-14 20:32:15,875 INFO  [main] org.springframework.orm.jpa.LocalContainerEntityManagerFactoryBean:Initialized JPA EntityManagerFactory for persistence unit 'default'
""2025-02-14 20:32:17,140 INFO  [main] org.springframework.boot.web.embedded.tomcat.TomcatWebServer:Tomcat started on port(s): 8099 (http) with context path ''
""2025-02-14 20:32:17,155 INFO  [main] com.tay.ContactMessageManagement.ContactMessageManagementApplication:Started ContactMessageManagementApplication in 7.146 seconds (JVM running for 7.768)
""2025-02-14 20:32:23,024 INFO  [http-nio-8099-exec-1] org.apache.catalina.core.ContainerBase.[Tomcat].[localhost].[/]:Initializing Spring DispatcherServlet 'dispatcherServlet'
""2025-02-14 20:32:46,207 INFO  [SpringApplicationShutdownHook] org.springframework.orm.jpa.LocalContainerEntityManagerFactoryBean:Closing JPA EntityManagerFactory for persistence unit 'default'
""2025-02-14 20:32:46,210 INFO  [SpringApplicationShutdownHook] com.zaxxer.hikari.HikariDataSource:HikariPool-1 - Shutdown initiated...
""2025-02-14 20:32:46,219 INFO  [SpringApplicationShutdownHook] com.zaxxer.hikari.HikariDataSource:HikariPool-1 - Shutdown completed.
""2025-02-14 20:32:50,968 INFO  [main] com.tay.ContactMessageManagement.ContactMessageManagementApplication:Starting ContactMessageManagementApplication using Java 17.0.14 on yBug-PC with PID 18708 (C:\Users\yusBug\IdeaProjects\ContactMessageManagement\target\classes started by yusBug in C:\Users\yusBug\IdeaProjects\ContactMessageManagement)
""2025-02-14 20:32:50,973 INFO  [main] com.tay.ContactMessageManagement.ContactMessageManagementApplication:No active profile set, falling back to 1 default profile: "default"
""2025-02-14 20:32:52,117 INFO  [main] org.springframework.data.repository.config.RepositoryConfigurationDelegate:Bootstrapping Spring Data JPA repositories in DEFAULT mode.
""2025-02-14 20:32:52,224 INFO  [main] org.springframework.data.repository.config.RepositoryConfigurationDelegate:Finished Spring Data repository scanning in 89 ms. Found 1 JPA repository interfaces.
""2025-02-14 20:32:53,271 INFO  [main] org.springframework.boot.web.embedded.tomcat.TomcatWebServer:Tomcat initialized with port(s): 8099 (http)
""2025-02-14 20:32:53,286 INFO  [main] org.apache.catalina.core.StandardService:Starting service [Tomcat]
""2025-02-14 20:32:53,288 INFO  [main] org.apache.catalina.core.StandardEngine:Starting Servlet engine: [Apache Tomcat/9.0.68]
""2025-02-14 20:32:53,476 INFO  [main] org.apache.catalina.core.ContainerBase.[Tomcat].[localhost].[/]:Initializing Spring embedded WebApplicationContext
""2025-02-14 20:32:53,476 INFO  [main] org.springframework.boot.web.servlet.context.ServletWebServerApplicationContext:Root WebApplicationContext: initialization completed in 2429 ms
""2025-02-14 20:32:53,806 INFO  [main] org.hibernate.jpa.internal.util.LogHelper:HHH000204: Processing PersistenceUnitInfo [name: default]
""2025-02-14 20:32:53,887 INFO  [main] org.hibernate.Version:HHH000412: Hibernate ORM core version 5.6.12.Final
""2025-02-14 20:32:54,151 INFO  [main] org.hibernate.annotations.common.Version:HCANN000001: Hibernate Commons Annotations {5.1.2.Final}
""2025-02-14 20:32:54,345 INFO  [main] com.zaxxer.hikari.HikariDataSource:HikariPool-1 - Starting...
""2025-02-14 20:32:54,630 INFO  [main] com.zaxxer.hikari.HikariDataSource:HikariPool-1 - Start completed.
""2025-02-14 20:32:54,664 INFO  [main] org.hibernate.dialect.Dialect:HHH000400: Using dialect: org.hibernate.dialect.PostgreSQL81Dialect
""2025-02-14 20:32:55,702 INFO  [main] org.hibernate.engine.transaction.jta.platform.internal.JtaPlatformInitiator:HHH000490: Using JtaPlatform implementation: [org.hibernate.engine.transaction.jta.platform.internal.NoJtaPlatform]
""2025-02-14 20:32:55,713 INFO  [main] org.springframework.orm.jpa.LocalContainerEntityManagerFactoryBean:Initialized JPA EntityManagerFactory for persistence unit 'default'
""2025-02-14 20:32:57,066 INFO  [main] org.springframework.boot.web.embedded.tomcat.TomcatWebServer:Tomcat started on port(s): 8099 (http) with context path ''
""2025-02-14 20:32:57,082 INFO  [main] com.tay.ContactMessageManagement.ContactMessageManagementApplication:Started ContactMessageManagementApplication in 6.809 seconds (JVM running for 7.415)
""2025-02-14 20:33:03,431 INFO  [http-nio-8099-exec-1] org.apache.catalina.core.ContainerBase.[Tomcat].[localhost].[/]:Initializing Spring DispatcherServlet 'dispatcherServlet'
""2025-02-14 20:33:52,291 INFO  [SpringApplicationShutdownHook] org.springframework.orm.jpa.LocalContainerEntityManagerFactoryBean:Closing JPA EntityManagerFactory for persistence unit 'default'
""2025-02-14 20:33:52,294 INFO  [SpringApplicationShutdownHook] com.zaxxer.hikari.HikariDataSource:HikariPool-1 - Shutdown initiated...
""2025-02-14 20:33:52,306 INFO  [SpringApplicationShutdownHook] com.zaxxer.hikari.HikariDataSource:HikariPool-1 - Shutdown completed.
""2025-02-14 20:33:57,038 INFO  [main] com.tay.ContactMessageManagement.ContactMessageManagementApplication:Starting ContactMessageManagementApplication using Java 17.0.14 on yBug-PC with PID 22336 (C:\Users\yusBug\IdeaProjects\ContactMessageManagement\target\classes started by yusBug in C:\Users\yusBug\IdeaProjects\ContactMessageManagement)
""2025-02-14 20:33:57,042 INFO  [main] com.tay.ContactMessageManagement.ContactMessageManagementApplication:No active profile set, falling back to 1 default profile: "default"
""2025-02-14 20:33:58,147 INFO  [main] org.springframework.data.repository.config.RepositoryConfigurationDelegate:Bootstrapping Spring Data JPA repositories in DEFAULT mode.
""2025-02-14 20:33:58,252 INFO  [main] org.springframework.data.repository.config.RepositoryConfigurationDelegate:Finished Spring Data repository scanning in 81 ms. Found 1 JPA repository interfaces.
""2025-02-14 20:33:59,412 INFO  [main] org.springframework.boot.web.embedded.tomcat.TomcatWebServer:Tomcat initialized with port(s): 8099 (http)
""2025-02-14 20:33:59,443 INFO  [main] org.apache.catalina.core.StandardService:Starting service [Tomcat]
""2025-02-14 20:33:59,444 INFO  [main] org.apache.catalina.core.StandardEngine:Starting Servlet engine: [Apache Tomcat/9.0.68]
""2025-02-14 20:33:59,662 INFO  [main] org.apache.catalina.core.ContainerBase.[Tomcat].[localhost].[/]:Initializing Spring embedded WebApplicationContext
""2025-02-14 20:33:59,663 INFO  [main] org.springframework.boot.web.servlet.context.ServletWebServerApplicationContext:Root WebApplicationContext: initialization completed in 2546 ms
""2025-02-14 20:33:59,962 INFO  [main] org.hibernate.jpa.internal.util.LogHelper:HHH000204: Processing PersistenceUnitInfo [name: default]
""2025-02-14 20:34:00,057 INFO  [main] org.hibernate.Version:HHH000412: Hibernate ORM core version 5.6.12.Final
""2025-02-14 20:34:00,334 INFO  [main] org.hibernate.annotations.common.Version:HCANN000001: Hibernate Commons Annotations {5.1.2.Final}
""2025-02-14 20:34:00,511 INFO  [main] com.zaxxer.hikari.HikariDataSource:HikariPool-1 - Starting...
""2025-02-14 20:34:00,796 INFO  [main] com.zaxxer.hikari.HikariDataSource:HikariPool-1 - Start completed.
""2025-02-14 20:34:00,834 INFO  [main] org.hibernate.dialect.Dialect:HHH000400: Using dialect: org.hibernate.dialect.PostgreSQL81Dialect
""2025-02-14 20:34:01,901 INFO  [main] org.hibernate.engine.transaction.jta.platform.internal.JtaPlatformInitiator:HHH000490: Using JtaPlatform implementation: [org.hibernate.engine.transaction.jta.platform.internal.NoJtaPlatform]
""2025-02-14 20:34:01,911 INFO  [main] org.springframework.orm.jpa.LocalContainerEntityManagerFactoryBean:Initialized JPA EntityManagerFactory for persistence unit 'default'
""2025-02-14 20:34:03,259 INFO  [main] org.springframework.boot.web.embedded.tomcat.TomcatWebServer:Tomcat started on port(s): 8099 (http) with context path ''
""2025-02-14 20:34:03,271 INFO  [main] com.tay.ContactMessageManagement.ContactMessageManagementApplication:Started ContactMessageManagementApplication in 6.937 seconds (JVM running for 7.54)
""2025-02-14 20:34:09,480 INFO  [http-nio-8099-exec-2] org.apache.catalina.core.ContainerBase.[Tomcat].[localhost].[/]:Initializing Spring DispatcherServlet 'dispatcherServlet'
""2025-02-14 20:34:22,561 INFO  [SpringApplicationShutdownHook] org.springframework.orm.jpa.LocalContainerEntityManagerFactoryBean:Closing JPA EntityManagerFactory for persistence unit 'default'
""2025-02-14 20:34:22,564 INFO  [SpringApplicationShutdownHook] com.zaxxer.hikari.HikariDataSource:HikariPool-1 - Shutdown initiated...
""2025-02-14 20:34:22,579 INFO  [SpringApplicationShutdownHook] com.zaxxer.hikari.HikariDataSource:HikariPool-1 - Shutdown completed.
""2025-02-14 20:34:27,274 INFO  [main] com.tay.ContactMessageManagement.ContactMessageManagementApplication:Starting ContactMessageManagementApplication using Java 17.0.14 on yBug-PC with PID 13016 (C:\Users\yusBug\IdeaProjects\ContactMessageManagement\target\classes started by yusBug in C:\Users\yusBug\IdeaProjects\ContactMessageManagement)
""2025-02-14 20:34:27,277 INFO  [main] com.tay.ContactMessageManagement.ContactMessageManagementApplication:No active profile set, falling back to 1 default profile: "default"
""2025-02-14 20:34:28,425 INFO  [main] org.springframework.data.repository.config.RepositoryConfigurationDelegate:Bootstrapping Spring Data JPA repositories in DEFAULT mode.
""2025-02-14 20:34:28,531 INFO  [main] org.springframework.data.repository.config.RepositoryConfigurationDelegate:Finished Spring Data repository scanning in 90 ms. Found 1 JPA repository interfaces.
""2025-02-14 20:34:29,536 INFO  [main] org.springframework.boot.web.embedded.tomcat.TomcatWebServer:Tomcat initialized with port(s): 8099 (http)
""2025-02-14 20:34:29,552 INFO  [main] org.apache.catalina.core.StandardService:Starting service [Tomcat]
""2025-02-14 20:34:29,552 INFO  [main] org.apache.catalina.core.StandardEngine:Starting Servlet engine: [Apache Tomcat/9.0.68]
""2025-02-14 20:34:29,731 INFO  [main] org.apache.catalina.core.ContainerBase.[Tomcat].[localhost].[/]:Initializing Spring embedded WebApplicationContext
""2025-02-14 20:34:29,731 INFO  [main] org.springframework.boot.web.servlet.context.ServletWebServerApplicationContext:Root WebApplicationContext: initialization completed in 2380 ms
""2025-02-14 20:34:29,989 INFO  [main] org.hibernate.jpa.internal.util.LogHelper:HHH000204: Processing PersistenceUnitInfo [name: default]
""2025-02-14 20:34:30,074 INFO  [main] org.hibernate.Version:HHH000412: Hibernate ORM core version 5.6.12.Final
""2025-02-14 20:34:30,335 INFO  [main] org.hibernate.annotations.common.Version:HCANN000001: Hibernate Commons Annotations {5.1.2.Final}
""2025-02-14 20:34:30,510 INFO  [main] com.zaxxer.hikari.HikariDataSource:HikariPool-1 - Starting...
""2025-02-14 20:34:30,788 INFO  [main] com.zaxxer.hikari.HikariDataSource:HikariPool-1 - Start completed.
""2025-02-14 20:34:30,828 INFO  [main] org.hibernate.dialect.Dialect:HHH000400: Using dialect: org.hibernate.dialect.PostgreSQL81Dialect
""2025-02-14 20:34:31,807 INFO  [main] org.hibernate.engine.transaction.jta.platform.internal.JtaPlatformInitiator:HHH000490: Using JtaPlatform implementation: [org.hibernate.engine.transaction.jta.platform.internal.NoJtaPlatform]
""2025-02-14 20:34:31,819 INFO  [main] org.springframework.orm.jpa.LocalContainerEntityManagerFactoryBean:Initialized JPA EntityManagerFactory for persistence unit 'default'
""2025-02-14 20:34:33,329 INFO  [main] org.springframework.boot.web.embedded.tomcat.TomcatWebServer:Tomcat started on port(s): 8099 (http) with context path ''
""2025-02-14 20:34:33,344 INFO  [main] com.tay.ContactMessageManagement.ContactMessageManagementApplication:Started ContactMessageManagementApplication in 6.766 seconds (JVM running for 7.385)
""2025-02-14 20:34:38,097 INFO  [http-nio-8099-exec-2] org.apache.catalina.core.ContainerBase.[Tomcat].[localhost].[/]:Initializing Spring DispatcherServlet 'dispatcherServlet'
""2025-02-14 20:38:35,526 INFO  [SpringApplicationShutdownHook] org.springframework.orm.jpa.LocalContainerEntityManagerFactoryBean:Closing JPA EntityManagerFactory for persistence unit 'default'
""2025-02-14 20:38:35,528 INFO  [SpringApplicationShutdownHook] com.zaxxer.hikari.HikariDataSource:HikariPool-1 - Shutdown initiated...
""2025-02-14 20:38:35,530 INFO  [SpringApplicationShutdownHook] com.zaxxer.hikari.HikariDataSource:HikariPool-1 - Shutdown completed.
""2025-02-14 20:38:39,599 INFO  [main] com.tay.ContactMessageManagement.ContactMessageManagementApplication:Starting ContactMessageManagementApplication using Java 17.0.14 on yBug-PC with PID 12708 (C:\Users\yusBug\IdeaProjects\ContactMessageManagement\target\classes started by yusBug in C:\Users\yusBug\IdeaProjects\ContactMessageManagement)
""2025-02-14 20:38:39,602 INFO  [main] com.tay.ContactMessageManagement.ContactMessageManagementApplication:No active profile set, falling back to 1 default profile: "default"
""2025-02-14 20:38:40,316 INFO  [main] org.springframework.data.repository.config.RepositoryConfigurationDelegate:Bootstrapping Spring Data JPA repositories in DEFAULT mode.
""2025-02-14 20:38:40,383 INFO  [main] org.springframework.data.repository.config.RepositoryConfigurationDelegate:Finished Spring Data repository scanning in 57 ms. Found 1 JPA repository interfaces.
""2025-02-14 20:38:41,042 INFO  [main] org.springframework.boot.web.embedded.tomcat.TomcatWebServer:Tomcat initialized with port(s): 8099 (http)
""2025-02-14 20:38:41,058 INFO  [main] org.apache.catalina.core.StandardService:Starting service [Tomcat]
""2025-02-14 20:38:41,058 INFO  [main] org.apache.catalina.core.StandardEngine:Starting Servlet engine: [Apache Tomcat/9.0.68]
""2025-02-14 20:38:41,167 INFO  [main] org.apache.catalina.core.ContainerBase.[Tomcat].[localhost].[/]:Initializing Spring embedded WebApplicationContext
""2025-02-14 20:38:41,167 INFO  [main] org.springframework.boot.web.servlet.context.ServletWebServerApplicationContext:Root WebApplicationContext: initialization completed in 1518 ms
""2025-02-14 20:38:41,402 INFO  [main] org.hibernate.jpa.internal.util.LogHelper:HHH000204: Processing PersistenceUnitInfo [name: default]
""2025-02-14 20:38:41,471 INFO  [main] org.hibernate.Version:HHH000412: Hibernate ORM core version 5.6.12.Final
""2025-02-14 20:38:41,640 INFO  [main] org.hibernate.annotations.common.Version:HCANN000001: Hibernate Commons Annotations {5.1.2.Final}
""2025-02-14 20:38:41,770 INFO  [main] com.zaxxer.hikari.HikariDataSource:HikariPool-1 - Starting...
""2025-02-14 20:38:41,952 INFO  [main] com.zaxxer.hikari.HikariDataSource:HikariPool-1 - Start completed.
""2025-02-14 20:38:41,971 INFO  [main] org.hibernate.dialect.Dialect:HHH000400: Using dialect: org.hibernate.dialect.PostgreSQL81Dialect
""2025-02-14 20:38:42,603 INFO  [main] org.hibernate.engine.transaction.jta.platform.internal.JtaPlatformInitiator:HHH000490: Using JtaPlatform implementation: [org.hibernate.engine.transaction.jta.platform.internal.NoJtaPlatform]
""2025-02-14 20:38:42,610 INFO  [main] org.springframework.orm.jpa.LocalContainerEntityManagerFactoryBean:Initialized JPA EntityManagerFactory for persistence unit 'default'
""2025-02-14 20:38:43,812 INFO  [main] org.springframework.boot.web.embedded.tomcat.TomcatWebServer:Tomcat started on port(s): 8099 (http) with context path ''
""2025-02-14 20:38:43,821 INFO  [main] com.tay.ContactMessageManagement.ContactMessageManagementApplication:Started ContactMessageManagementApplication in 4.679 seconds (JVM running for 5.043)
""2025-02-14 20:38:55,653 INFO  [http-nio-8099-exec-1] org.apache.catalina.core.ContainerBase.[Tomcat].[localhost].[/]:Initializing Spring DispatcherServlet 'dispatcherServlet'
""2025-02-14 20:39:44,130 INFO  [SpringApplicationShutdownHook] org.springframework.orm.jpa.LocalContainerEntityManagerFactoryBean:Closing JPA EntityManagerFactory for persistence unit 'default'
""2025-02-14 20:39:44,132 INFO  [SpringApplicationShutdownHook] com.zaxxer.hikari.HikariDataSource:HikariPool-1 - Shutdown initiated...
""2025-02-14 20:39:44,134 INFO  [SpringApplicationShutdownHook] com.zaxxer.hikari.HikariDataSource:HikariPool-1 - Shutdown completed.
""2025-02-14 20:39:46,953 INFO  [main] com.tay.ContactMessageManagement.ContactMessageManagementApplication:Starting ContactMessageManagementApplication using Java 17.0.14 on yBug-PC with PID 11696 (C:\Users\yusBug\IdeaProjects\ContactMessageManagement\target\classes started by yusBug in C:\Users\yusBug\IdeaProjects\ContactMessageManagement)
""2025-02-14 20:39:46,956 INFO  [main] com.tay.ContactMessageManagement.ContactMessageManagementApplication:No active profile set, falling back to 1 default profile: "default"
""2025-02-14 20:39:47,654 INFO  [main] org.springframework.data.repository.config.RepositoryConfigurationDelegate:Bootstrapping Spring Data JPA repositories in DEFAULT mode.
""2025-02-14 20:39:47,729 INFO  [main] org.springframework.data.repository.config.RepositoryConfigurationDelegate:Finished Spring Data repository scanning in 62 ms. Found 1 JPA repository interfaces.
""2025-02-14 20:39:48,357 INFO  [main] org.springframework.boot.web.embedded.tomcat.TomcatWebServer:Tomcat initialized with port(s): 8099 (http)
""2025-02-14 20:39:48,366 INFO  [main] org.apache.catalina.core.StandardService:Starting service [Tomcat]
""2025-02-14 20:39:48,367 INFO  [main] org.apache.catalina.core.StandardEngine:Starting Servlet engine: [Apache Tomcat/9.0.68]
""2025-02-14 20:39:48,478 INFO  [main] org.apache.catalina.core.ContainerBase.[Tomcat].[localhost].[/]:Initializing Spring embedded WebApplicationContext
""2025-02-14 20:39:48,478 INFO  [main] org.springframework.boot.web.servlet.context.ServletWebServerApplicationContext:Root WebApplicationContext: initialization completed in 1477 ms
""2025-02-14 20:39:48,647 INFO  [main] org.hibernate.jpa.internal.util.LogHelper:HHH000204: Processing PersistenceUnitInfo [name: default]
""2025-02-14 20:39:48,700 INFO  [main] org.hibernate.Version:HHH000412: Hibernate ORM core version 5.6.12.Final
""2025-02-14 20:39:48,862 INFO  [main] org.hibernate.annotations.common.Version:HCANN000001: Hibernate Commons Annotations {5.1.2.Final}
""2025-02-14 20:39:48,974 INFO  [main] com.zaxxer.hikari.HikariDataSource:HikariPool-1 - Starting...
""2025-02-14 20:39:49,147 INFO  [main] com.zaxxer.hikari.HikariDataSource:HikariPool-1 - Start completed.
""2025-02-14 20:39:49,166 INFO  [main] org.hibernate.dialect.Dialect:HHH000400: Using dialect: org.hibernate.dialect.PostgreSQL81Dialect
""2025-02-14 20:39:49,777 INFO  [main] org.hibernate.engine.transaction.jta.platform.internal.JtaPlatformInitiator:HHH000490: Using JtaPlatform implementation: [org.hibernate.engine.transaction.jta.platform.internal.NoJtaPlatform]
""2025-02-14 20:39:49,787 INFO  [main] org.springframework.orm.jpa.LocalContainerEntityManagerFactoryBean:Initialized JPA EntityManagerFactory for persistence unit 'default'
""2025-02-14 20:39:50,790 INFO  [main] org.springframework.boot.web.embedded.tomcat.TomcatWebServer:Tomcat started on port(s): 8099 (http) with context path ''
""2025-02-14 20:39:50,804 INFO  [main] com.tay.ContactMessageManagement.ContactMessageManagementApplication:Started ContactMessageManagementApplication in 4.274 seconds (JVM running for 4.62)
""2025-02-14 20:39:55,311 INFO  [http-nio-8099-exec-2] org.apache.catalina.core.ContainerBase.[Tomcat].[localhost].[/]:Initializing Spring DispatcherServlet 'dispatcherServlet'
""2025-02-14 20:40:12,976 INFO  [SpringApplicationShutdownHook] org.springframework.orm.jpa.LocalContainerEntityManagerFactoryBean:Closing JPA EntityManagerFactory for persistence unit 'default'
""2025-02-14 20:40:12,978 INFO  [SpringApplicationShutdownHook] com.zaxxer.hikari.HikariDataSource:HikariPool-1 - Shutdown initiated...
""2025-02-14 20:40:12,981 INFO  [SpringApplicationShutdownHook] com.zaxxer.hikari.HikariDataSource:HikariPool-1 - Shutdown completed.
""2025-02-14 20:40:15,850 INFO  [main] com.tay.ContactMessageManagement.ContactMessageManagementApplication:Starting ContactMessageManagementApplication using Java 17.0.14 on yBug-PC with PID 24600 (C:\Users\yusBug\IdeaProjects\ContactMessageManagement\target\classes started by yusBug in C:\Users\yusBug\IdeaProjects\ContactMessageManagement)
""2025-02-14 20:40:15,852 INFO  [main] com.tay.ContactMessageManagement.ContactMessageManagementApplication:No active profile set, falling back to 1 default profile: "default"
""2025-02-14 20:40:16,528 INFO  [main] org.springframework.data.repository.config.RepositoryConfigurationDelegate:Bootstrapping Spring Data JPA repositories in DEFAULT mode.
""2025-02-14 20:40:16,601 INFO  [main] org.springframework.data.repository.config.RepositoryConfigurationDelegate:Finished Spring Data repository scanning in 63 ms. Found 1 JPA repository interfaces.
""2025-02-14 20:40:17,247 INFO  [main] org.springframework.boot.web.embedded.tomcat.TomcatWebServer:Tomcat initialized with port(s): 8099 (http)
""2025-02-14 20:40:17,262 INFO  [main] org.apache.catalina.core.StandardService:Starting service [Tomcat]
""2025-02-14 20:40:17,262 INFO  [main] org.apache.catalina.core.StandardEngine:Starting Servlet engine: [Apache Tomcat/9.0.68]
""2025-02-14 20:40:17,387 INFO  [main] org.apache.catalina.core.ContainerBase.[Tomcat].[localhost].[/]:Initializing Spring embedded WebApplicationContext
""2025-02-14 20:40:17,387 INFO  [main] org.springframework.boot.web.servlet.context.ServletWebServerApplicationContext:Root WebApplicationContext: initialization completed in 1489 ms
""2025-02-14 20:40:17,591 INFO  [main] org.hibernate.jpa.internal.util.LogHelper:HHH000204: Processing PersistenceUnitInfo [name: default]
""2025-02-14 20:40:17,645 INFO  [main] org.hibernate.Version:HHH000412: Hibernate ORM core version 5.6.12.Final
""2025-02-14 20:40:17,801 INFO  [main] org.hibernate.annotations.common.Version:HCANN000001: Hibernate Commons Annotations {5.1.2.Final}
""2025-02-14 20:40:17,920 INFO  [main] com.zaxxer.hikari.HikariDataSource:HikariPool-1 - Starting...
""2025-02-14 20:40:18,091 INFO  [main] com.zaxxer.hikari.HikariDataSource:HikariPool-1 - Start completed.
""2025-02-14 20:40:18,111 INFO  [main] org.hibernate.dialect.Dialect:HHH000400: Using dialect: org.hibernate.dialect.PostgreSQL81Dialect
""2025-02-14 20:40:18,731 INFO  [main] org.hibernate.engine.transaction.jta.platform.internal.JtaPlatformInitiator:HHH000490: Using JtaPlatform implementation: [org.hibernate.engine.transaction.jta.platform.internal.NoJtaPlatform]
""2025-02-14 20:40:18,741 INFO  [main] org.springframework.orm.jpa.LocalContainerEntityManagerFactoryBean:Initialized JPA EntityManagerFactory for persistence unit 'default'
""2025-02-14 20:40:19,763 INFO  [main] org.springframework.boot.web.embedded.tomcat.TomcatWebServer:Tomcat started on port(s): 8099 (http) with context path ''
""2025-02-14 20:40:19,777 INFO  [main] com.tay.ContactMessageManagement.ContactMessageManagementApplication:Started ContactMessageManagementApplication in 4.349 seconds (JVM running for 4.698)
""2025-02-14 20:40:24,453 INFO  [http-nio-8099-exec-1] org.apache.catalina.core.ContainerBase.[Tomcat].[localhost].[/]:Initializing Spring DispatcherServlet 'dispatcherServlet'
""2025-02-14 20:40:36,507 INFO  [SpringApplicationShutdownHook] org.springframework.orm.jpa.LocalContainerEntityManagerFactoryBean:Closing JPA EntityManagerFactory for persistence unit 'default'
""2025-02-14 20:40:36,509 INFO  [SpringApplicationShutdownHook] com.zaxxer.hikari.HikariDataSource:HikariPool-1 - Shutdown initiated...
""2025-02-14 20:40:36,511 INFO  [SpringApplicationShutdownHook] com.zaxxer.hikari.HikariDataSource:HikariPool-1 - Shutdown completed.
""2025-02-14 20:40:39,515 INFO  [main] com.tay.ContactMessageManagement.ContactMessageManagementApplication:Starting ContactMessageManagementApplication using Java 17.0.14 on yBug-PC with PID 17320 (C:\Users\yusBug\IdeaProjects\ContactMessageManagement\target\classes started by yusBug in C:\Users\yusBug\IdeaProjects\ContactMessageManagement)
""2025-02-14 20:40:39,518 INFO  [main] com.tay.ContactMessageManagement.ContactMessageManagementApplication:No active profile set, falling back to 1 default profile: "default"
""2025-02-14 20:40:40,243 INFO  [main] org.springframework.data.repository.config.RepositoryConfigurationDelegate:Bootstrapping Spring Data JPA repositories in DEFAULT mode.
""2025-02-14 20:40:40,307 INFO  [main] org.springframework.data.repository.config.RepositoryConfigurationDelegate:Finished Spring Data repository scanning in 53 ms. Found 1 JPA repository interfaces.
""2025-02-14 20:40:40,945 INFO  [main] org.springframework.boot.web.embedded.tomcat.TomcatWebServer:Tomcat initialized with port(s): 8099 (http)
""2025-02-14 20:40:40,958 INFO  [main] org.apache.catalina.core.StandardService:Starting service [Tomcat]
""2025-02-14 20:40:40,958 INFO  [main] org.apache.catalina.core.StandardEngine:Starting Servlet engine: [Apache Tomcat/9.0.68]
""2025-02-14 20:40:41,065 INFO  [main] org.apache.catalina.core.ContainerBase.[Tomcat].[localhost].[/]:Initializing Spring embedded WebApplicationContext
""2025-02-14 20:40:41,065 INFO  [main] org.springframework.boot.web.servlet.context.ServletWebServerApplicationContext:Root WebApplicationContext: initialization completed in 1498 ms
""2025-02-14 20:40:41,260 INFO  [main] org.hibernate.jpa.internal.util.LogHelper:HHH000204: Processing PersistenceUnitInfo [name: default]
""2025-02-14 20:40:41,314 INFO  [main] org.hibernate.Version:HHH000412: Hibernate ORM core version 5.6.12.Final
""2025-02-14 20:40:41,507 INFO  [main] org.hibernate.annotations.common.Version:HCANN000001: Hibernate Commons Annotations {5.1.2.Final}
""2025-02-14 20:40:41,628 INFO  [main] com.zaxxer.hikari.HikariDataSource:HikariPool-1 - Starting...
""2025-02-14 20:40:41,802 INFO  [main] com.zaxxer.hikari.HikariDataSource:HikariPool-1 - Start completed.
""2025-02-14 20:40:41,821 INFO  [main] org.hibernate.dialect.Dialect:HHH000400: Using dialect: org.hibernate.dialect.PostgreSQL81Dialect
""2025-02-14 20:40:42,441 INFO  [main] org.hibernate.engine.transaction.jta.platform.internal.JtaPlatformInitiator:HHH000490: Using JtaPlatform implementation: [org.hibernate.engine.transaction.jta.platform.internal.NoJtaPlatform]
""2025-02-14 20:40:42,449 INFO  [main] org.springframework.orm.jpa.LocalContainerEntityManagerFactoryBean:Initialized JPA EntityManagerFactory for persistence unit 'default'
""2025-02-14 20:40:43,444 INFO  [main] org.springframework.boot.web.embedded.tomcat.TomcatWebServer:Tomcat started on port(s): 8099 (http) with context path ''
""2025-02-14 20:40:43,459 INFO  [main] com.tay.ContactMessageManagement.ContactMessageManagementApplication:Started ContactMessageManagementApplication in 4.385 seconds (JVM running for 4.768)
""2025-02-14 20:40:50,218 INFO  [http-nio-8099-exec-3] org.apache.catalina.core.ContainerBase.[Tomcat].[localhost].[/]:Initializing Spring DispatcherServlet 'dispatcherServlet'
""2025-02-14 20:41:08,938 INFO  [SpringApplicationShutdownHook] org.springframework.orm.jpa.LocalContainerEntityManagerFactoryBean:Closing JPA EntityManagerFactory for persistence unit 'default'
""2025-02-14 20:41:08,939 INFO  [SpringApplicationShutdownHook] com.zaxxer.hikari.HikariDataSource:HikariPool-1 - Shutdown initiated...
""2025-02-14 20:41:08,943 INFO  [SpringApplicationShutdownHook] com.zaxxer.hikari.HikariDataSource:HikariPool-1 - Shutdown completed.
"